Feed title: ArXiv Query: search_query=cs.SY&id_list=&start=0&max_results=50
Feed last updated: 2019-12-09T00:00:00-05:00
totalResults for this query: 10123
itemsPerPage for this query: 50
startIndex for this query: 0
0
Feed title: ArXiv Query: search_query=cs.SY&id_list=&start=50&max_results=50
Feed last updated: 2019-12-09T00:00:00-05:00
totalResults for this query: 10123
itemsPerPage for this query: 50
startIndex for this query: 50
1
Feed title: ArXiv Query: search_query=cs.SY&id_list=&start=100&max_results=50
Feed last updated: 2019-12-09T00:00:00-05:00
totalResults for this query: 10123
itemsPerPage for this query: 50
startIndex for this query: 100
2
Feed title: ArXiv Query: search_query=cs.SY&id_list=&start=150&max_results=50
Feed last updated: 2019-12-09T00:00:00-05:00
totalResults for this query: 10123
itemsPerPage for this query: 50
startIndex for this query: 150
3
Feed title: ArXiv Query: search_query=cs.SY&id_list=&start=200&max_results=50
Feed last updated: 2019-12-09T00:00:00-05:00
totalResults for this query: 10123
itemsPerPage for this query: 50
startIndex for this query: 200
4
Feed title: ArXiv Query: search_query=cs.SY&id_list=&start=250&max_results=50
Feed last updated: 2019-12-09T00:00:00-05:00
totalResults for this query: 10123
itemsPerPage for this query: 50
startIndex for this query: 250
5
Feed title: ArXiv Query: search_query=cs.SY&id_list=&start=300&max_results=50
Feed last updated: 2019-12-09T00:00:00-05:00
totalResults for this query: 10123
itemsPerPage for this query: 50
startIndex for this query: 300
6
Feed title: ArXiv Query: search_query=cs.SY&id_list=&start=350&max_results=50
Feed last updated: 2019-12-09T00:00:00-05:00
totalResults for this query: 10123
itemsPerPage for this query: 50
startIndex for this query: 350
7
Feed title: ArXiv Query: search_query=cs.SY&id_list=&start=400&max_results=50
Feed last updated: 2019-12-09T00:00:00-05:00
totalResults for this query: 10123
itemsPerPage for this query: 50
startIndex for this query: 400
8
Feed title: ArXiv Query: search_query=cs.SY&id_list=&start=450&max_results=50
Feed last updated: 2019-12-09T00:00:00-05:00
totalResults for this query: 10123
itemsPerPage for this query: 50
startIndex for this query: 450
9
Feed title: ArXiv Query: search_query=cs.SY&id_list=&start=500&max_results=50
Feed last updated: 2019-12-09T00:00:00-05:00
totalResults for this query: 10123
itemsPerPage for this query: 50
startIndex for this query: 500
10
Feed title: ArXiv Query: search_query=cs.SY&id_list=&start=550&max_results=50
Feed last updated: 2019-12-09T00:00:00-05:00
totalResults for this query: 10123
itemsPerPage for this query: 50
startIndex for this query: 550
11
Feed title: ArXiv Query: search_query=cs.SY&id_list=&start=600&max_results=50
Feed last updated: 2019-12-09T00:00:00-05:00
totalResults for this query: 10123
itemsPerPage for this query: 50
startIndex for this query: 600
12
Feed title: ArXiv Query: search_query=cs.SY&id_list=&start=650&max_results=50
Feed last updated: 2019-12-09T00:00:00-05:00
totalResults for this query: 10123
itemsPerPage for this query: 50
startIndex for this query: 650
13
Feed title: ArXiv Query: search_query=cs.SY&id_list=&start=700&max_results=50
Feed last updated: 2019-12-09T00:00:00-05:00
totalResults for this query: 10123
itemsPerPage for this query: 50
startIndex for this query: 700
14
Feed title: ArXiv Query: search_query=cs.SY&id_list=&start=750&max_results=50
Feed last updated: 2019-12-09T00:00:00-05:00
totalResults for this query: 10123
itemsPerPage for this query: 50
startIndex for this query: 750
15
Feed title: ArXiv Query: search_query=cs.SY&id_list=&start=800&max_results=50
Feed last updated: 2019-12-09T00:00:00-05:00
totalResults for this query: 10123
itemsPerPage for this query: 50
startIndex for this query: 800
16
Feed title: ArXiv Query: search_query=cs.SY&id_list=&start=850&max_results=50
Feed last updated: 2019-12-09T00:00:00-05:00
totalResults for this query: 10123
itemsPerPage for this query: 50
startIndex for this query: 850
17
Feed title: ArXiv Query: search_query=cs.SY&id_list=&start=900&max_results=50
Feed last updated: 2019-12-09T00:00:00-05:00
totalResults for this query: 10123
itemsPerPage for this query: 50
startIndex for this query: 900
18
Feed title: ArXiv Query: search_query=cs.SY&id_list=&start=950&max_results=50
Feed last updated: 2019-12-09T00:00:00-05:00
totalResults for this query: 10123
itemsPerPage for this query: 50
startIndex for this query: 950
19
Feed title: ArXiv Query: search_query=cs.SY&id_list=&start=1000&max_results=50
Feed last updated: 2019-12-09T00:00:00-05:00
totalResults for this query: 10123
itemsPerPage for this query: 50
startIndex for this query: 1000
20
Feed title: ArXiv Query: search_query=cs.SY&id_list=&start=1050&max_results=50
Feed last updated: 2019-12-09T00:00:00-05:00
totalResults for this query: 10123
itemsPerPage for this query: 50
startIndex for this query: 1050
21
Feed title: ArXiv Query: search_query=cs.SY&id_list=&start=1100&max_results=50
Feed last updated: 2019-12-09T00:00:00-05:00
totalResults for this query: 10123
itemsPerPage for this query: 50
startIndex for this query: 1100
22
Feed title: ArXiv Query: search_query=cs.SY&id_list=&start=1150&max_results=50
Feed last updated: 2019-12-09T00:00:00-05:00
totalResults for this query: 10123
itemsPerPage for this query: 50
startIndex for this query: 1150
23
Feed title: ArXiv Query: search_query=cs.SY&id_list=&start=1200&max_results=50
Feed last updated: 2019-12-09T00:00:00-05:00
totalResults for this query: 10123
itemsPerPage for this query: 50
startIndex for this query: 1200
24
Feed title: ArXiv Query: search_query=cs.SY&id_list=&start=1250&max_results=50
Feed last updated: 2019-12-09T00:00:00-05:00
totalResults for this query: 10123
itemsPerPage for this query: 50
startIndex for this query: 1250
25
Feed title: ArXiv Query: search_query=cs.SY&id_list=&start=1300&max_results=50
Feed last updated: 2019-12-09T00:00:00-05:00
totalResults for this query: 10123
itemsPerPage for this query: 50
startIndex for this query: 1300
26
Feed title: ArXiv Query: search_query=cs.SY&id_list=&start=1350&max_results=50
Feed last updated: 2019-12-09T00:00:00-05:00
totalResults for this query: 10123
itemsPerPage for this query: 50
startIndex for this query: 1350
27
Feed title: ArXiv Query: search_query=cs.SY&id_list=&start=1400&max_results=50
Feed last updated: 2019-12-09T00:00:00-05:00
totalResults for this query: 10123
itemsPerPage for this query: 50
startIndex for this query: 1400
28
Feed title: ArXiv Query: search_query=cs.SY&id_list=&start=1450&max_results=50
Feed last updated: 2019-12-09T00:00:00-05:00
totalResults for this query: 10123
itemsPerPage for this query: 50
startIndex for this query: 1450
29
Feed title: ArXiv Query: search_query=cs.SY&id_list=&start=1500&max_results=50
Feed last updated: 2019-12-09T00:00:00-05:00
totalResults for this query: 10123
itemsPerPage for this query: 50
startIndex for this query: 1500
30
Feed title: ArXiv Query: search_query=cs.SY&id_list=&start=1550&max_results=50
Feed last updated: 2019-12-09T00:00:00-05:00
totalResults for this query: 10123
itemsPerPage for this query: 50
startIndex for this query: 1550
31
Feed title: ArXiv Query: search_query=cs.SY&id_list=&start=1600&max_results=50
Feed last updated: 2019-12-09T00:00:00-05:00
totalResults for this query: 10123
itemsPerPage for this query: 50
startIndex for this query: 1600
32
Feed title: ArXiv Query: search_query=cs.SY&id_list=&start=1650&max_results=50
Feed last updated: 2019-12-09T00:00:00-05:00
totalResults for this query: 10123
itemsPerPage for this query: 50
startIndex for this query: 1650
33
Feed title: ArXiv Query: search_query=cs.SY&id_list=&start=1700&max_results=50
Feed last updated: 2019-12-09T00:00:00-05:00
totalResults for this query: 10123
itemsPerPage for this query: 50
startIndex for this query: 1700
34
Feed title: ArXiv Query: search_query=cs.SY&id_list=&start=1750&max_results=50
Feed last updated: 2019-12-09T00:00:00-05:00
totalResults for this query: 10123
itemsPerPage for this query: 50
startIndex for this query: 1750
35
Feed title: ArXiv Query: search_query=cs.SY&id_list=&start=1800&max_results=50
Feed last updated: 2019-12-09T00:00:00-05:00
totalResults for this query: 10123
itemsPerPage for this query: 50
startIndex for this query: 1800
36


Feed title: ArXiv Query: search_query=cs.SY&id_list=&start=1850&max_results=50
Feed last updated: 2019-12-09T00:00:00-05:00
totalResults for this query: 10123
itemsPerPage for this query: 50
startIndex for this query: 1850
37
Feed title: ArXiv Query: search_query=cs.SY&id_list=&start=1900&max_results=50
Feed last updated: 2019-12-09T00:00:00-05:00
totalResults for this query: 10123
itemsPerPage for this query: 50
startIndex for this query: 1900
38
Feed title: ArXiv Query: search_query=cs.SY&id_list=&start=1950&max_results=50
Feed last updated: 2019-12-09T00:00:00-05:00
totalResults for this query: 10123
itemsPerPage for this query: 50
startIndex for this query: 1950
39
Feed title: ArXiv Query: search_query=cs.SY&id_list=&start=2000&max_results=50
Feed last updated: 2019-12-09T00:00:00-05:00
totalResults for this query: 10123
itemsPerPage for this query: 50
startIndex for this query: 2000
40
Feed title: ArXiv Query: search_query=cs.SY&id_list=&start=2050&max_results=50
Feed last updated: 2019-12-09T00:00:00-05:00
totalResults for this query: 10123
itemsPerPage for this query: 50
startIndex for this query: 2050
41
Feed title: ArXiv Query: search_query=cs.SY&id_list=&start=2100&max_results=50
Feed last updated: 2019-12-09T00:00:00-05:00
totalResults for this query: 10123
itemsPerPage for this query: 50
startIndex for this query: 2100
42
Feed title: ArXiv Query: search_query=cs.SY&id_list=&start=2150&max_results=50
Feed last updated: 2019-12-09T00:00:00-05:00
totalResults for this query: 10123
itemsPerPage for this query: 50
startIndex for this query: 2150
43
Feed title: ArXiv Query: search_query=cs.SY&id_list=&start=2200&max_results=50
Feed last updated: 2019-12-09T00:00:00-05:00
totalResults for this query: 10123
itemsPerPage for this query: 50
startIndex for this query: 2200
44
Feed title: ArXiv Query: search_query=cs.SY&id_list=&start=2250&max_results=50
Feed last updated: 2019-12-09T00:00:00-05:00
totalResults for this query: 10123
itemsPerPage for this query: 50
startIndex for this query: 2250
45
Feed title: ArXiv Query: search_query=cs.SY&id_list=&start=2300&max_results=50
Feed last updated: 2019-12-09T00:00:00-05:00
totalResults for this query: 10123
itemsPerPage for this query: 50
startIndex for this query: 2300
46
Feed title: ArXiv Query: search_query=cs.SY&id_list=&start=2350&max_results=50
Feed last updated: 2019-12-09T00:00:00-05:00
totalResults for this query: 10123
itemsPerPage for this query: 50
startIndex for this query: 2350
47
Feed title: ArXiv Query: search_query=cs.SY&id_list=&start=2400&max_results=50
Feed last updated: 2019-12-09T00:00:00-05:00
totalResults for this query: 10123
itemsPerPage for this query: 50
startIndex for this query: 2400
48
Feed title: ArXiv Query: search_query=cs.SY&id_list=&start=2450&max_results=50
Feed last updated: 2019-12-09T00:00:00-05:00
totalResults for this query: 10123
itemsPerPage for this query: 50
startIndex for this query: 2450
49
Feed title: ArXiv Query: search_query=cs.SY&id_list=&start=2500&max_results=50
Feed last updated: 2019-12-09T00:00:00-05:00
totalResults for this query: 10123
itemsPerPage for this query: 50
startIndex for this query: 2500
50
Feed title: ArXiv Query: search_query=cs.SY&id_list=&start=2550&max_results=50
Feed last updated: 2019-12-09T00:00:00-05:00
totalResults for this query: 10123
itemsPerPage for this query: 50
startIndex for this query: 2550
51
Feed title: ArXiv Query: search_query=cs.SY&id_list=&start=2600&max_results=50
Feed last updated: 2019-12-09T00:00:00-05:00
totalResults for this query: 10123
itemsPerPage for this query: 50
startIndex for this query: 2600
52
Feed title: ArXiv Query: search_query=cs.SY&id_list=&start=2650&max_results=50
Feed last updated: 2019-12-09T00:00:00-05:00
totalResults for this query: 10123
itemsPerPage for this query: 50
startIndex for this query: 2650
53
Feed title: ArXiv Query: search_query=cs.SY&id_list=&start=2700&max_results=50
Feed last updated: 2019-12-09T00:00:00-05:00
totalResults for this query: 10123
itemsPerPage for this query: 50
startIndex for this query: 2700
54
Feed title: ArXiv Query: search_query=cs.SY&id_list=&start=2750&max_results=50
Feed last updated: 2019-12-09T00:00:00-05:00
totalResults for this query: 10123
itemsPerPage for this query: 50
startIndex for this query: 2750
55
Feed title: ArXiv Query: search_query=cs.SY&id_list=&start=2800&max_results=50
Feed last updated: 2019-12-09T00:00:00-05:00
totalResults for this query: 10123
itemsPerPage for this query: 50
startIndex for this query: 2800
56
Feed title: ArXiv Query: search_query=cs.SY&id_list=&start=2850&max_results=50
Feed last updated: 2019-12-09T00:00:00-05:00
totalResults for this query: 10123
itemsPerPage for this query: 50
startIndex for this query: 2850
57
Feed title: ArXiv Query: search_query=cs.SY&id_list=&start=2900&max_results=50
Feed last updated: 2019-12-09T00:00:00-05:00
totalResults for this query: 10123
itemsPerPage for this query: 50
startIndex for this query: 2900
58
Feed title: ArXiv Query: search_query=cs.SY&id_list=&start=2950&max_results=50
Feed last updated: 2019-12-09T00:00:00-05:00
totalResults for this query: 10123
itemsPerPage for this query: 50
startIndex for this query: 2950
59
Feed title: ArXiv Query: search_query=cs.SY&id_list=&start=3000&max_results=50
Feed last updated: 2019-12-09T00:00:00-05:00
totalResults for this query: 10123
itemsPerPage for this query: 50
startIndex for this query: 3000
60
Feed title: ArXiv Query: search_query=cs.SY&id_list=&start=3050&max_results=50
Feed last updated: 2019-12-09T00:00:00-05:00
totalResults for this query: 10123
itemsPerPage for this query: 50
startIndex for this query: 3050
61
Feed title: ArXiv Query: search_query=cs.SY&id_list=&start=3100&max_results=50
Feed last updated: 2019-12-09T00:00:00-05:00
totalResults for this query: 10123
itemsPerPage for this query: 50
startIndex for this query: 3100
62
Feed title: ArXiv Query: search_query=cs.SY&id_list=&start=3150&max_results=50
Feed last updated: 2019-12-09T00:00:00-05:00
totalResults for this query: 10123
itemsPerPage for this query: 50
startIndex for this query: 3150
63
Feed title: ArXiv Query: search_query=cs.SY&id_list=&start=3200&max_results=50
Feed last updated: 2019-12-09T00:00:00-05:00
totalResults for this query: 10123
itemsPerPage for this query: 50
startIndex for this query: 3200
64
Feed title: ArXiv Query: search_query=cs.SY&id_list=&start=3250&max_results=50
Feed last updated: 2019-12-09T00:00:00-05:00
totalResults for this query: 10123
itemsPerPage for this query: 50
startIndex for this query: 3250
65
Feed title: ArXiv Query: search_query=cs.SY&id_list=&start=3300&max_results=50
Feed last updated: 2019-12-09T00:00:00-05:00
totalResults for this query: 10123
itemsPerPage for this query: 50
startIndex for this query: 3300
66
Feed title: ArXiv Query: search_query=cs.SY&id_list=&start=3350&max_results=50
Feed last updated: 2019-12-09T00:00:00-05:00
totalResults for this query: 10123
itemsPerPage for this query: 50
startIndex for this query: 3350
67
Feed title: ArXiv Query: search_query=cs.SY&id_list=&start=3400&max_results=50
Feed last updated: 2019-12-09T00:00:00-05:00
totalResults for this query: 10123
itemsPerPage for this query: 50
startIndex for this query: 3400
68
Feed title: ArXiv Query: search_query=cs.SY&id_list=&start=3450&max_results=50
Feed last updated: 2019-12-09T00:00:00-05:00
totalResults for this query: 10123
itemsPerPage for this query: 50
startIndex for this query: 3450
69
Feed title: ArXiv Query: search_query=cs.SY&id_list=&start=3500&max_results=50
Feed last updated: 2019-12-09T00:00:00-05:00
totalResults for this query: 10123
itemsPerPage for this query: 50
startIndex for this query: 3500
70
Feed title: ArXiv Query: search_query=cs.SY&id_list=&start=3550&max_results=50
Feed last updated: 2019-12-09T00:00:00-05:00
totalResults for this query: 10123
itemsPerPage for this query: 50
startIndex for this query: 3550
71
Feed title: ArXiv Query: search_query=cs.SY&id_list=&start=3600&max_results=50
Feed last updated: 2019-12-09T00:00:00-05:00
totalResults for this query: 10123
itemsPerPage for this query: 50
startIndex for this query: 3600
72
Feed title: ArXiv Query: search_query=cs.SY&id_list=&start=3650&max_results=50
Feed last updated: 2019-12-09T00:00:00-05:00
totalResults for this query: 10123
itemsPerPage for this query: 50
startIndex for this query: 3650
73


Feed title: ArXiv Query: search_query=cs.SY&id_list=&start=3700&max_results=50
Feed last updated: 2019-12-09T00:00:00-05:00
totalResults for this query: 10123
itemsPerPage for this query: 50
startIndex for this query: 3700
74
Feed title: ArXiv Query: search_query=cs.SY&id_list=&start=3750&max_results=50
Feed last updated: 2019-12-09T00:00:00-05:00
totalResults for this query: 10123
itemsPerPage for this query: 50
startIndex for this query: 3750
75
Feed title: ArXiv Query: search_query=cs.SY&id_list=&start=3800&max_results=50
Feed last updated: 2019-12-09T00:00:00-05:00
totalResults for this query: 10123
itemsPerPage for this query: 50
startIndex for this query: 3800
76
Feed title: ArXiv Query: search_query=cs.SY&id_list=&start=3850&max_results=50
Feed last updated: 2019-12-09T00:00:00-05:00
totalResults for this query: 10123
itemsPerPage for this query: 50
startIndex for this query: 3850
77
Feed title: ArXiv Query: search_query=cs.SY&id_list=&start=3900&max_results=50
Feed last updated: 2019-12-09T00:00:00-05:00
totalResults for this query: 10123
itemsPerPage for this query: 50
startIndex for this query: 3900
78
Feed title: ArXiv Query: search_query=cs.SY&id_list=&start=3950&max_results=50
Feed last updated: 2019-12-09T00:00:00-05:00
totalResults for this query: 10123
itemsPerPage for this query: 50
startIndex for this query: 3950
79
Feed title: ArXiv Query: search_query=cs.SY&id_list=&start=4000&max_results=50
Feed last updated: 2019-12-09T00:00:00-05:00
totalResults for this query: 10123
itemsPerPage for this query: 50
startIndex for this query: 4000
80
Feed title: ArXiv Query: search_query=cs.SY&id_list=&start=4050&max_results=50
Feed last updated: 2019-12-09T00:00:00-05:00
totalResults for this query: 10123
itemsPerPage for this query: 50
startIndex for this query: 4050
81
Feed title: ArXiv Query: search_query=cs.SY&id_list=&start=4100&max_results=50
Feed last updated: 2019-12-09T00:00:00-05:00
totalResults for this query: 10123
itemsPerPage for this query: 50
startIndex for this query: 4100
82
Feed title: ArXiv Query: search_query=cs.SY&id_list=&start=4150&max_results=50
Feed last updated: 2019-12-09T00:00:00-05:00
totalResults for this query: 10123
itemsPerPage for this query: 50
startIndex for this query: 4150
83
Feed title: ArXiv Query: search_query=cs.SY&id_list=&start=4200&max_results=50
Feed last updated: 2019-12-09T00:00:00-05:00
totalResults for this query: 10123
itemsPerPage for this query: 50
startIndex for this query: 4200
84
Feed title: ArXiv Query: search_query=cs.SY&id_list=&start=4250&max_results=50
Feed last updated: 2019-12-09T00:00:00-05:00
totalResults for this query: 10123
itemsPerPage for this query: 50
startIndex for this query: 4250
85
Feed title: ArXiv Query: search_query=cs.SY&id_list=&start=4300&max_results=50
Feed last updated: 2019-12-09T00:00:00-05:00
totalResults for this query: 10123
itemsPerPage for this query: 50
startIndex for this query: 4300
86
Feed title: ArXiv Query: search_query=cs.SY&id_list=&start=4350&max_results=50
Feed last updated: 2019-12-09T00:00:00-05:00
totalResults for this query: 10123
itemsPerPage for this query: 50
startIndex for this query: 4350
87
Feed title: ArXiv Query: search_query=cs.SY&id_list=&start=4400&max_results=50
Feed last updated: 2019-12-09T00:00:00-05:00
totalResults for this query: 10123
itemsPerPage for this query: 50
startIndex for this query: 4400
88
Feed title: ArXiv Query: search_query=cs.SY&id_list=&start=4450&max_results=50
Feed last updated: 2019-12-09T00:00:00-05:00
totalResults for this query: 10123
itemsPerPage for this query: 50
startIndex for this query: 4450
89
Feed title: ArXiv Query: search_query=cs.SY&id_list=&start=4500&max_results=50
Feed last updated: 2019-12-09T00:00:00-05:00
totalResults for this query: 10123
itemsPerPage for this query: 50
startIndex for this query: 4500
90
Feed title: ArXiv Query: search_query=cs.SY&id_list=&start=4550&max_results=50
Feed last updated: 2019-12-09T00:00:00-05:00
totalResults for this query: 10123
itemsPerPage for this query: 50
startIndex for this query: 4550
91
Feed title: ArXiv Query: search_query=cs.SY&id_list=&start=4600&max_results=50
Feed last updated: 2019-12-09T00:00:00-05:00
totalResults for this query: 10123
itemsPerPage for this query: 50
startIndex for this query: 4600
92
Feed title: ArXiv Query: search_query=cs.SY&id_list=&start=4650&max_results=50
Feed last updated: 2019-12-09T00:00:00-05:00
totalResults for this query: 10123
itemsPerPage for this query: 50
startIndex for this query: 4650
93
Feed title: ArXiv Query: search_query=cs.SY&id_list=&start=4700&max_results=50
Feed last updated: 2019-12-09T00:00:00-05:00
totalResults for this query: 10123
itemsPerPage for this query: 50
startIndex for this query: 4700
94
Feed title: ArXiv Query: search_query=cs.SY&id_list=&start=4750&max_results=50
Feed last updated: 2019-12-09T00:00:00-05:00
totalResults for this query: 10123
itemsPerPage for this query: 50
startIndex for this query: 4750
95
Feed title: ArXiv Query: search_query=cs.SY&id_list=&start=4800&max_results=50
Feed last updated: 2019-12-09T00:00:00-05:00
totalResults for this query: 10123
itemsPerPage for this query: 50
startIndex for this query: 4800
96
Feed title: ArXiv Query: search_query=cs.SY&id_list=&start=4850&max_results=50
Feed last updated: 2019-12-09T00:00:00-05:00
totalResults for this query: 10123
itemsPerPage for this query: 50
startIndex for this query: 4850
97
Feed title: ArXiv Query: search_query=cs.SY&id_list=&start=4900&max_results=50
Feed last updated: 2019-12-09T00:00:00-05:00
totalResults for this query: 10123
itemsPerPage for this query: 50
startIndex for this query: 4900
98
Feed title: ArXiv Query: search_query=cs.SY&id_list=&start=4950&max_results=50
Feed last updated: 2019-12-09T00:00:00-05:00
totalResults for this query: 10123
itemsPerPage for this query: 50
startIndex for this query: 4950
99
Feed title: ArXiv Query: search_query=cs.SY&id_list=&start=5000&max_results=50
Feed last updated: 2019-12-09T00:00:00-05:00
totalResults for this query: 10123
itemsPerPage for this query: 50
startIndex for this query: 5000
100
Feed title: ArXiv Query: search_query=cs.SY&id_list=&start=5050&max_results=50
Feed last updated: 2019-12-09T00:00:00-05:00
totalResults for this query: 10123
itemsPerPage for this query: 50
startIndex for this query: 5050
101
Feed title: ArXiv Query: search_query=cs.SY&id_list=&start=5100&max_results=50
Feed last updated: 2019-12-09T00:00:00-05:00
totalResults for this query: 10123
itemsPerPage for this query: 50
startIndex for this query: 5100
102
Feed title: ArXiv Query: search_query=cs.SY&id_list=&start=5150&max_results=50
Feed last updated: 2019-12-09T00:00:00-05:00
totalResults for this query: 10123
itemsPerPage for this query: 50
startIndex for this query: 5150
103
Feed title: ArXiv Query: search_query=cs.SY&id_list=&start=5200&max_results=50
Feed last updated: 2019-12-09T00:00:00-05:00
totalResults for this query: 10123
itemsPerPage for this query: 50
startIndex for this query: 5200
104
Feed title: ArXiv Query: search_query=cs.SY&id_list=&start=5250&max_results=50
Feed last updated: 2019-12-09T00:00:00-05:00
totalResults for this query: 10123
itemsPerPage for this query: 50
startIndex for this query: 5250
105
Feed title: ArXiv Query: search_query=cs.SY&id_list=&start=5300&max_results=50
Feed last updated: 2019-12-09T00:00:00-05:00
totalResults for this query: 10123
itemsPerPage for this query: 50
startIndex for this query: 5300
106
Feed title: ArXiv Query: search_query=cs.SY&id_list=&start=5350&max_results=50
Feed last updated: 2019-12-09T00:00:00-05:00
totalResults for this query: 10123
itemsPerPage for this query: 50
startIndex for this query: 5350
107
Feed title: ArXiv Query: search_query=cs.SY&id_list=&start=5400&max_results=50
Feed last updated: 2019-12-09T00:00:00-05:00
totalResults for this query: 10123
itemsPerPage for this query: 50
startIndex for this query: 5400
108
Feed title: ArXiv Query: search_query=cs.SY&id_list=&start=5450&max_results=50
Feed last updated: 2019-12-09T00:00:00-05:00
totalResults for this query: 10123
itemsPerPage for this query: 50
startIndex for this query: 5450
109
Feed title: ArXiv Query: search_query=cs.SY&id_list=&start=5500&max_results=50
Feed last updated: 2019-12-09T00:00:00-05:00
totalResults for this query: 10123
itemsPerPage for this query: 50
startIndex for this query: 5500
110


Feed title: ArXiv Query: search_query=cs.SY&id_list=&start=5550&max_results=50
Feed last updated: 2019-12-09T00:00:00-05:00
totalResults for this query: 10123
itemsPerPage for this query: 50
startIndex for this query: 5550
111
Feed title: ArXiv Query: search_query=cs.SY&id_list=&start=5600&max_results=50
Feed last updated: 2019-12-09T00:00:00-05:00
totalResults for this query: 10123
itemsPerPage for this query: 50
startIndex for this query: 5600
112
Feed title: ArXiv Query: search_query=cs.SY&id_list=&start=5650&max_results=50
Feed last updated: 2019-12-09T00:00:00-05:00
totalResults for this query: 10123
itemsPerPage for this query: 50
startIndex for this query: 5650
113
Feed title: ArXiv Query: search_query=cs.SY&id_list=&start=5700&max_results=50
Feed last updated: 2019-12-09T00:00:00-05:00
totalResults for this query: 10123
itemsPerPage for this query: 50
startIndex for this query: 5700
114
Feed title: ArXiv Query: search_query=cs.SY&id_list=&start=5750&max_results=50
Feed last updated: 2019-12-09T00:00:00-05:00
totalResults for this query: 10123
itemsPerPage for this query: 50
startIndex for this query: 5750
115
Feed title: ArXiv Query: search_query=cs.SY&id_list=&start=5800&max_results=50
Feed last updated: 2019-12-09T00:00:00-05:00
totalResults for this query: 10123
itemsPerPage for this query: 50
startIndex for this query: 5800
116
Feed title: ArXiv Query: search_query=cs.SY&id_list=&start=5850&max_results=50
Feed last updated: 2019-12-09T00:00:00-05:00
totalResults for this query: 10123
itemsPerPage for this query: 50
startIndex for this query: 5850
117
Feed title: ArXiv Query: search_query=cs.SY&id_list=&start=5900&max_results=50
Feed last updated: 2019-12-09T00:00:00-05:00
totalResults for this query: 10123
itemsPerPage for this query: 50
startIndex for this query: 5900
118
Feed title: ArXiv Query: search_query=cs.SY&id_list=&start=5950&max_results=50
Feed last updated: 2019-12-09T00:00:00-05:00
totalResults for this query: 10123
itemsPerPage for this query: 50
startIndex for this query: 5950
119
Feed title: ArXiv Query: search_query=cs.SY&id_list=&start=6000&max_results=50
Feed last updated: 2019-12-09T00:00:00-05:00
totalResults for this query: 10123
itemsPerPage for this query: 50
startIndex for this query: 6000
120
Feed title: ArXiv Query: search_query=cs.SY&id_list=&start=6050&max_results=50
Feed last updated: 2019-12-09T00:00:00-05:00
totalResults for this query: 10123
itemsPerPage for this query: 50
startIndex for this query: 6050
121
Feed title: ArXiv Query: search_query=cs.SY&id_list=&start=6100&max_results=50
Feed last updated: 2019-12-09T00:00:00-05:00
totalResults for this query: 10123
itemsPerPage for this query: 50
startIndex for this query: 6100
122
Feed title: ArXiv Query: search_query=cs.SY&id_list=&start=6150&max_results=50
Feed last updated: 2019-12-09T00:00:00-05:00
totalResults for this query: 10123
itemsPerPage for this query: 50
startIndex for this query: 6150
123
Feed title: ArXiv Query: search_query=cs.SY&id_list=&start=6200&max_results=50
Feed last updated: 2019-12-09T00:00:00-05:00
totalResults for this query: 10123
itemsPerPage for this query: 50
startIndex for this query: 6200
124
Feed title: ArXiv Query: search_query=cs.SY&id_list=&start=6250&max_results=50
Feed last updated: 2019-12-09T00:00:00-05:00
totalResults for this query: 10123
itemsPerPage for this query: 50
startIndex for this query: 6250
125
Feed title: ArXiv Query: search_query=cs.SY&id_list=&start=6300&max_results=50
Feed last updated: 2019-12-09T00:00:00-05:00
totalResults for this query: 10123
itemsPerPage for this query: 50
startIndex for this query: 6300
126
Feed title: ArXiv Query: search_query=cs.SY&id_list=&start=6350&max_results=50
Feed last updated: 2019-12-09T00:00:00-05:00
totalResults for this query: 10123
itemsPerPage for this query: 50
startIndex for this query: 6350
127
Feed title: ArXiv Query: search_query=cs.SY&id_list=&start=6400&max_results=50
Feed last updated: 2019-12-09T00:00:00-05:00
totalResults for this query: 10123
itemsPerPage for this query: 50
startIndex for this query: 6400
128
Feed title: ArXiv Query: search_query=cs.SY&id_list=&start=6450&max_results=50
Feed last updated: 2019-12-09T00:00:00-05:00
totalResults for this query: 10123
itemsPerPage for this query: 50
startIndex for this query: 6450
129
Feed title: ArXiv Query: search_query=cs.SY&id_list=&start=6500&max_results=50
Feed last updated: 2019-12-09T00:00:00-05:00
totalResults for this query: 10123
itemsPerPage for this query: 50
startIndex for this query: 6500
130
Feed title: ArXiv Query: search_query=cs.SY&id_list=&start=6550&max_results=50
Feed last updated: 2019-12-09T00:00:00-05:00
totalResults for this query: 10123
itemsPerPage for this query: 50
startIndex for this query: 6550
131
Feed title: ArXiv Query: search_query=cs.SY&id_list=&start=6600&max_results=50
Feed last updated: 2019-12-09T00:00:00-05:00
totalResults for this query: 10123
itemsPerPage for this query: 50
startIndex for this query: 6600
132
Feed title: ArXiv Query: search_query=cs.SY&id_list=&start=6650&max_results=50
Feed last updated: 2019-12-09T00:00:00-05:00
totalResults for this query: 10123
itemsPerPage for this query: 50
startIndex for this query: 6650
133
Feed title: ArXiv Query: search_query=cs.SY&id_list=&start=6700&max_results=50
Feed last updated: 2019-12-09T00:00:00-05:00
totalResults for this query: 10123
itemsPerPage for this query: 50
startIndex for this query: 6700
134
Feed title: ArXiv Query: search_query=cs.SY&id_list=&start=6750&max_results=50
Feed last updated: 2019-12-09T00:00:00-05:00
totalResults for this query: 10123
itemsPerPage for this query: 50
startIndex for this query: 6750
135
Feed title: ArXiv Query: search_query=cs.SY&id_list=&start=6800&max_results=50
Feed last updated: 2019-12-09T00:00:00-05:00
totalResults for this query: 10123
itemsPerPage for this query: 50
startIndex for this query: 6800
136
Feed title: ArXiv Query: search_query=cs.SY&id_list=&start=6850&max_results=50
Feed last updated: 2019-12-09T00:00:00-05:00
totalResults for this query: 10123
itemsPerPage for this query: 50
startIndex for this query: 6850
137
Feed title: ArXiv Query: search_query=cs.SY&id_list=&start=6900&max_results=50
Feed last updated: 2019-12-09T00:00:00-05:00
totalResults for this query: 10123
itemsPerPage for this query: 50
startIndex for this query: 6900
138
Feed title: ArXiv Query: search_query=cs.SY&id_list=&start=6950&max_results=50
Feed last updated: 2019-12-09T00:00:00-05:00
totalResults for this query: 10123
itemsPerPage for this query: 50
startIndex for this query: 6950
139
Feed title: ArXiv Query: search_query=cs.SY&id_list=&start=7000&max_results=50
Feed last updated: 2019-12-09T00:00:00-05:00
totalResults for this query: 10123
itemsPerPage for this query: 50
startIndex for this query: 7000
140
Feed title: ArXiv Query: search_query=cs.SY&id_list=&start=7050&max_results=50
Feed last updated: 2019-12-09T00:00:00-05:00
totalResults for this query: 10123
itemsPerPage for this query: 50
startIndex for this query: 7050
141
Feed title: ArXiv Query: search_query=cs.SY&id_list=&start=7100&max_results=50
Feed last updated: 2019-12-09T00:00:00-05:00
totalResults for this query: 10123
itemsPerPage for this query: 50
startIndex for this query: 7100
142
Feed title: ArXiv Query: search_query=cs.SY&id_list=&start=7150&max_results=50
Feed last updated: 2019-12-09T00:00:00-05:00
totalResults for this query: 10123
itemsPerPage for this query: 50
startIndex for this query: 7150
143
Feed title: ArXiv Query: search_query=cs.SY&id_list=&start=7200&max_results=50
Feed last updated: 2019-12-09T00:00:00-05:00
totalResults for this query: 10123
itemsPerPage for this query: 50
startIndex for this query: 7200
144
Feed title: ArXiv Query: search_query=cs.SY&id_list=&start=7250&max_results=50
Feed last updated: 2019-12-09T00:00:00-05:00
totalResults for this query: 10123
itemsPerPage for this query: 50
startIndex for this query: 7250
145
Feed title: ArXiv Query: search_query=cs.SY&id_list=&start=7300&max_results=50
Feed last updated: 2019-12-09T00:00:00-05:00
totalResults for this query: 10123
itemsPerPage for this query: 50
startIndex for this query: 7300
146
Feed title: ArXiv Query: search_query=cs.SY&id_list=&start=7350&max_results=50
Feed last updated: 2019-12-09T00:00:00-05:00
totalResults for this query: 10123
itemsPerPage for this query: 50
startIndex for this query: 7350
147


Feed title: ArXiv Query: search_query=cs.SY&id_list=&start=7400&max_results=50
Feed last updated: 2019-12-09T00:00:00-05:00
totalResults for this query: 10123
itemsPerPage for this query: 50
startIndex for this query: 7400
148
Feed title: ArXiv Query: search_query=cs.SY&id_list=&start=7450&max_results=50
Feed last updated: 2019-12-09T00:00:00-05:00
totalResults for this query: 10123
itemsPerPage for this query: 50
startIndex for this query: 7450
149
Feed title: ArXiv Query: search_query=cs.SY&id_list=&start=7500&max_results=50
Feed last updated: 2019-12-09T00:00:00-05:00
totalResults for this query: 10123
itemsPerPage for this query: 50
startIndex for this query: 7500
150
Feed title: ArXiv Query: search_query=cs.SY&id_list=&start=7550&max_results=50
Feed last updated: 2019-12-09T00:00:00-05:00
totalResults for this query: 10123
itemsPerPage for this query: 50
startIndex for this query: 7550
151
Feed title: ArXiv Query: search_query=cs.SY&id_list=&start=7600&max_results=50
Feed last updated: 2019-12-09T00:00:00-05:00
totalResults for this query: 10123
itemsPerPage for this query: 50
startIndex for this query: 7600
152
Feed title: ArXiv Query: search_query=cs.SY&id_list=&start=7650&max_results=50
Feed last updated: 2019-12-09T00:00:00-05:00
totalResults for this query: 10123
itemsPerPage for this query: 50
startIndex for this query: 7650
153
Feed title: ArXiv Query: search_query=cs.SY&id_list=&start=7700&max_results=50
Feed last updated: 2019-12-09T00:00:00-05:00
totalResults for this query: 10123
itemsPerPage for this query: 50
startIndex for this query: 7700
154
Feed title: ArXiv Query: search_query=cs.SY&id_list=&start=7750&max_results=50
Feed last updated: 2019-12-09T00:00:00-05:00
totalResults for this query: 10123
itemsPerPage for this query: 50
startIndex for this query: 7750
155
Feed title: ArXiv Query: search_query=cs.SY&id_list=&start=7800&max_results=50
Feed last updated: 2019-12-09T00:00:00-05:00
totalResults for this query: 10123
itemsPerPage for this query: 50
startIndex for this query: 7800
156
Feed title: ArXiv Query: search_query=cs.SY&id_list=&start=7850&max_results=50
Feed last updated: 2019-12-09T00:00:00-05:00
totalResults for this query: 10123
itemsPerPage for this query: 50
startIndex for this query: 7850
157
Feed title: ArXiv Query: search_query=cs.SY&id_list=&start=7900&max_results=50
Feed last updated: 2019-12-09T00:00:00-05:00
totalResults for this query: 10123
itemsPerPage for this query: 50
startIndex for this query: 7900
158
Feed title: ArXiv Query: search_query=cs.SY&id_list=&start=7950&max_results=50
Feed last updated: 2019-12-09T00:00:00-05:00
totalResults for this query: 10123
itemsPerPage for this query: 50
startIndex for this query: 7950
159
Feed title: ArXiv Query: search_query=cs.SY&id_list=&start=8000&max_results=50
Feed last updated: 2019-12-09T00:00:00-05:00
totalResults for this query: 10123
itemsPerPage for this query: 50
startIndex for this query: 8000
160
Feed title: ArXiv Query: search_query=cs.SY&id_list=&start=8050&max_results=50
Feed last updated: 2019-12-09T00:00:00-05:00
totalResults for this query: 10123
itemsPerPage for this query: 50
startIndex for this query: 8050
161
Feed title: ArXiv Query: search_query=cs.SY&id_list=&start=8100&max_results=50
Feed last updated: 2019-12-09T00:00:00-05:00
totalResults for this query: 10123
itemsPerPage for this query: 50
startIndex for this query: 8100
162
Feed title: ArXiv Query: search_query=cs.SY&id_list=&start=8150&max_results=50
Feed last updated: 2019-12-09T00:00:00-05:00
totalResults for this query: 10123
itemsPerPage for this query: 50
startIndex for this query: 8150
163
Feed title: ArXiv Query: search_query=cs.SY&id_list=&start=8200&max_results=50
Feed last updated: 2019-12-09T00:00:00-05:00
totalResults for this query: 10123
itemsPerPage for this query: 50
startIndex for this query: 8200
164
Feed title: ArXiv Query: search_query=cs.SY&id_list=&start=8250&max_results=50
Feed last updated: 2019-12-09T00:00:00-05:00
totalResults for this query: 10123
itemsPerPage for this query: 50
startIndex for this query: 8250
165
Feed title: ArXiv Query: search_query=cs.SY&id_list=&start=8300&max_results=50
Feed last updated: 2019-12-09T00:00:00-05:00
totalResults for this query: 10123
itemsPerPage for this query: 50
startIndex for this query: 8300
166
Feed title: ArXiv Query: search_query=cs.SY&id_list=&start=8350&max_results=50
Feed last updated: 2019-12-09T00:00:00-05:00
totalResults for this query: 10123
itemsPerPage for this query: 50
startIndex for this query: 8350
167
Feed title: ArXiv Query: search_query=cs.SY&id_list=&start=8400&max_results=50
Feed last updated: 2019-12-09T00:00:00-05:00
totalResults for this query: 10123
itemsPerPage for this query: 50
startIndex for this query: 8400
168
Feed title: ArXiv Query: search_query=cs.SY&id_list=&start=8450&max_results=50
Feed last updated: 2019-12-09T00:00:00-05:00
totalResults for this query: 10123
itemsPerPage for this query: 50
startIndex for this query: 8450
169
Feed title: ArXiv Query: search_query=cs.SY&id_list=&start=8500&max_results=50
Feed last updated: 2019-12-09T00:00:00-05:00
totalResults for this query: 10123
itemsPerPage for this query: 50
startIndex for this query: 8500
170
Feed title: ArXiv Query: search_query=cs.SY&id_list=&start=8550&max_results=50
Feed last updated: 2019-12-09T00:00:00-05:00
totalResults for this query: 10123
itemsPerPage for this query: 50
startIndex for this query: 8550
171
Feed title: ArXiv Query: search_query=cs.SY&id_list=&start=8600&max_results=50
Feed last updated: 2019-12-09T00:00:00-05:00
totalResults for this query: 10123
itemsPerPage for this query: 50
startIndex for this query: 8600
172
Feed title: ArXiv Query: search_query=cs.SY&id_list=&start=8650&max_results=50
Feed last updated: 2019-12-09T00:00:00-05:00
totalResults for this query: 10123
itemsPerPage for this query: 50
startIndex for this query: 8650
173
Feed title: ArXiv Query: search_query=cs.SY&id_list=&start=8700&max_results=50
Feed last updated: 2019-12-09T00:00:00-05:00
totalResults for this query: 10123
itemsPerPage for this query: 50
startIndex for this query: 8700
174
Feed title: ArXiv Query: search_query=cs.SY&id_list=&start=8750&max_results=50
Feed last updated: 2019-12-09T00:00:00-05:00
totalResults for this query: 10123
itemsPerPage for this query: 50
startIndex for this query: 8750
175
Feed title: ArXiv Query: search_query=cs.SY&id_list=&start=8800&max_results=50
Feed last updated: 2019-12-09T00:00:00-05:00
totalResults for this query: 10123
itemsPerPage for this query: 50
startIndex for this query: 8800
176
Feed title: ArXiv Query: search_query=cs.SY&id_list=&start=8850&max_results=50
Feed last updated: 2019-12-09T00:00:00-05:00
totalResults for this query: 10123
itemsPerPage for this query: 50
startIndex for this query: 8850
177
Feed title: ArXiv Query: search_query=cs.SY&id_list=&start=8900&max_results=50
Feed last updated: 2019-12-09T00:00:00-05:00
totalResults for this query: 10123
itemsPerPage for this query: 50
startIndex for this query: 8900
178
Feed title: ArXiv Query: search_query=cs.SY&id_list=&start=8950&max_results=50
Feed last updated: 2019-12-09T00:00:00-05:00
totalResults for this query: 10123
itemsPerPage for this query: 50
startIndex for this query: 8950
179
Feed title: ArXiv Query: search_query=cs.SY&id_list=&start=9000&max_results=50
Feed last updated: 2019-12-09T00:00:00-05:00
totalResults for this query: 10123
itemsPerPage for this query: 50
startIndex for this query: 9000
180
Feed title: ArXiv Query: search_query=cs.SY&id_list=&start=9050&max_results=50
Feed last updated: 2019-12-09T00:00:00-05:00
totalResults for this query: 10123
itemsPerPage for this query: 50
startIndex for this query: 9050
181
Feed title: ArXiv Query: search_query=cs.SY&id_list=&start=9100&max_results=50
Feed last updated: 2019-12-09T00:00:00-05:00
totalResults for this query: 10123
itemsPerPage for this query: 50
startIndex for this query: 9100
182
Feed title: ArXiv Query: search_query=cs.SY&id_list=&start=9150&max_results=50
Feed last updated: 2019-12-09T00:00:00-05:00
totalResults for this query: 10123
itemsPerPage for this query: 50
startIndex for this query: 9150
183
Feed title: ArXiv Query: search_query=cs.SY&id_list=&start=9200&max_results=50
Feed last updated: 2019-12-09T00:00:00-05:00
totalResults for this query: 10123
itemsPerPage for this query: 50
startIndex for this query: 9200
184


Feed title: ArXiv Query: search_query=cs.SY&id_list=&start=9250&max_results=50
Feed last updated: 2019-12-09T00:00:00-05:00
totalResults for this query: 10123
itemsPerPage for this query: 50
startIndex for this query: 9250
185
Feed title: ArXiv Query: search_query=cs.SY&id_list=&start=9300&max_results=50
Feed last updated: 2019-12-09T00:00:00-05:00
totalResults for this query: 10123
itemsPerPage for this query: 50
startIndex for this query: 9300
186
Feed title: ArXiv Query: search_query=cs.SY&id_list=&start=9350&max_results=50
Feed last updated: 2019-12-09T00:00:00-05:00
totalResults for this query: 10123
itemsPerPage for this query: 50
startIndex for this query: 9350
187
Feed title: ArXiv Query: search_query=cs.SY&id_list=&start=9400&max_results=50
Feed last updated: 2019-12-09T00:00:00-05:00
totalResults for this query: 10123
itemsPerPage for this query: 50
startIndex for this query: 9400
188
Feed title: ArXiv Query: search_query=cs.SY&id_list=&start=9450&max_results=50
Feed last updated: 2019-12-09T00:00:00-05:00
totalResults for this query: 10123
itemsPerPage for this query: 50
startIndex for this query: 9450
189
Feed title: ArXiv Query: search_query=cs.SY&id_list=&start=9500&max_results=50
Feed last updated: 2019-12-09T00:00:00-05:00
totalResults for this query: 10123
itemsPerPage for this query: 50
startIndex for this query: 9500
190
Feed title: ArXiv Query: search_query=cs.SY&id_list=&start=9550&max_results=50
Feed last updated: 2019-12-09T00:00:00-05:00
totalResults for this query: 10123
itemsPerPage for this query: 50
startIndex for this query: 9550
191
Feed title: ArXiv Query: search_query=cs.SY&id_list=&start=9600&max_results=50
Feed last updated: 2019-12-09T00:00:00-05:00
totalResults for this query: 10123
itemsPerPage for this query: 50
startIndex for this query: 9600
192
Feed title: ArXiv Query: search_query=cs.SY&id_list=&start=9650&max_results=50
Feed last updated: 2019-12-09T00:00:00-05:00
totalResults for this query: 10123
itemsPerPage for this query: 50
startIndex for this query: 9650
193
Feed title: ArXiv Query: search_query=cs.SY&id_list=&start=9700&max_results=50
Feed last updated: 2019-12-09T00:00:00-05:00
totalResults for this query: 10123
itemsPerPage for this query: 50
startIndex for this query: 9700
194
Feed title: ArXiv Query: search_query=cs.SY&id_list=&start=9750&max_results=50
Feed last updated: 2019-12-09T00:00:00-05:00
totalResults for this query: 10123
itemsPerPage for this query: 50
startIndex for this query: 9750
195
Feed title: ArXiv Query: search_query=cs.SY&id_list=&start=9800&max_results=50
Feed last updated: 2019-12-09T00:00:00-05:00
totalResults for this query: 10123
itemsPerPage for this query: 50
startIndex for this query: 9800
196
Feed title: ArXiv Query: search_query=cs.SY&id_list=&start=9850&max_results=50
Feed last updated: 2019-12-09T00:00:00-05:00
totalResults for this query: 10123
itemsPerPage for this query: 50
startIndex for this query: 9850
197
Feed title: ArXiv Query: search_query=cs.SY&id_list=&start=9900&max_results=50
Feed last updated: 2019-12-09T00:00:00-05:00
totalResults for this query: 10123
itemsPerPage for this query: 50
startIndex for this query: 9900
198
Feed title: ArXiv Query: search_query=cs.SY&id_list=&start=9950&max_results=50
Feed last updated: 2019-12-09T00:00:00-05:00
totalResults for this query: 10123
itemsPerPage for this query: 50
startIndex for this query: 9950
199